============================= test session starts ==============================
platform darwin -- Python 3.7.13, pytest-6.2.4, py-1.11.0, pluggy-0.13.1 -- /Users/Alexey/Dev/api_yamdb/venv/bin/python3.7
django: settings: api_yamdb.settings (from ini)
rootdir: /Users/Alexey/Dev/api_yamdb, configfile: pytest.ini, testpaths: tests/
plugins: pythonpath-0.7.3, django-4.4.0
collecting ... collected 53 items

tests/test_00_user_registration.py::Test00UserRegistration::test_00_nodata_signup PASSED [  1%]
tests/test_00_user_registration.py::Test00UserRegistration::test_00_invalid_data_signup PASSED [  3%]
tests/test_00_user_registration.py::Test00UserRegistration::test_00_valid_data_user_signup PASSED [  5%]
tests/test_00_user_registration.py::Test00UserRegistration::test_00_valid_data_admin_create_user PASSED [  7%]
tests/test_00_user_registration.py::Test00UserRegistration::test_00_obtain_jwt_token_invalid_data PASSED [  9%]
tests/test_00_user_registration.py::Test00UserRegistration::test_00_registration_me_username_restricted PASSED [ 11%]
tests/test_00_user_registration.py::Test00UserRegistration::test_00_registration_same_email_restricted PASSED [ 13%]
tests/test_01_users.py::Test01UserAPI::test_01_users_not_authenticated PASSED [ 15%]
tests/test_01_users.py::Test01UserAPI::test_02_users_username_not_authenticated PASSED [ 16%]
tests/test_01_users.py::Test01UserAPI::test_03_users_me_not_authenticated PASSED [ 18%]
tests/test_01_users.py::Test01UserAPI::test_04_users_get_admin PASSED    [ 20%]
tests/test_01_users.py::Test01UserAPI::test_04_02_users_get_search PASSED [ 22%]
tests/test_01_users.py::Test01UserAPI::test_04_01_users_get_admin_only PASSED [ 24%]
tests/test_01_users.py::Test01UserAPI::test_05_01_users_post_admin PASSED [ 26%]
tests/test_01_users.py::Test01UserAPI::test_05_02_users_post_user_superuser PASSED [ 28%]
tests/test_01_users.py::Test01UserAPI::test_06_users_username_get_admin PASSED [ 30%]
tests/test_01_users.py::Test01UserAPI::test_06_users_username_get_not_admin PASSED [ 32%]
tests/test_01_users.py::Test01UserAPI::test_07_01_users_username_patch_admin PASSED [ 33%]
tests/test_01_users.py::Test01UserAPI::test_07_02_users_username_patch_moderator PASSED [ 35%]
tests/test_01_users.py::Test01UserAPI::test_07_03_users_username_patch_user PASSED [ 37%]
tests/test_01_users.py::Test01UserAPI::test_07_05_users_username_put_user_restricted PASSED [ 39%]
tests/test_01_users.py::Test01UserAPI::test_08_01_users_username_delete_admin PASSED [ 41%]
tests/test_01_users.py::Test01UserAPI::test_08_02_users_username_delete_moderator PASSED [ 43%]
tests/test_01_users.py::Test01UserAPI::test_08_03_users_username_delete_user PASSED [ 45%]
tests/test_01_users.py::Test01UserAPI::test_08_04_users_username_delete_superuser PASSED [ 47%]
tests/test_01_users.py::Test01UserAPI::test_09_users_check_permissions PASSED [ 49%]
tests/test_01_users.py::Test01UserAPI::test_10_users_me_get_admin PASSED [ 50%]
tests/test_01_users.py::Test01UserAPI::test_11_01_users_me_patch_admin PASSED [ 52%]
tests/test_01_users.py::Test01UserAPI::test_11_02_users_me_patch_user PASSED [ 54%]
tests/test_02_category.py::Test02CategoryAPI::test_01_category_not_auth PASSED [ 56%]
tests/test_02_category.py::Test02CategoryAPI::test_02_category_admin FAILED [ 58%]
tests/test_02_category.py::Test02CategoryAPI::test_03_category_delete_admin FAILED [ 60%]
tests/test_02_category.py::Test02CategoryAPI::test_04_category_check_permission_admin PASSED [ 62%]
tests/test_02_category.py::Test02CategoryAPI::test_05_category_create_user PASSED [ 64%]
tests/test_02_category.py::Test02CategoryAPI::test_06_category_create_moderator PASSED [ 66%]
tests/test_03_genre.py::Test03GenreAPI::test_01_genre_not_auth PASSED    [ 67%]
tests/test_03_genre.py::Test03GenreAPI::test_02_genre FAILED             [ 69%]
tests/test_03_genre.py::Test03GenreAPI::test_03_genres_delete FAILED     [ 71%]
tests/test_03_genre.py::Test03GenreAPI::test_04_genres_check_permission PASSED [ 73%]
tests/test_03_genre.py::Test03GenreAPI::test_05_genre_create_user PASSED [ 75%]
tests/test_03_genre.py::Test03GenreAPI::test_06_genre_create_moderator PASSED [ 77%]
tests/test_04_title.py::Test04TitleAPI::test_01_title_not_auth PASSED    [ 79%]
tests/test_04_title.py::Test04TitleAPI::test_02_title_admin FAILED       [ 81%]
tests/test_04_title.py::Test04TitleAPI::test_03_titles_detail PASSED     [ 83%]
tests/test_04_title.py::Test04TitleAPI::test_04_titles_check_permission PASSED [ 84%]
tests/test_05_review.py::Test05ReviewAPI::test_01_review_not_auth PASSED [ 86%]
tests/test_05_review.py::Test05ReviewAPI::test_02_review_admin FAILED    [ 88%]
tests/test_05_review.py::Test05ReviewAPI::test_03_review_detail FAILED   [ 90%]
tests/test_05_review.py::Test05ReviewAPI::test_04_reviews_check_permission FAILED [ 92%]
tests/test_06_comment.py::Test06CommentAPI::test_01_comment_not_auth FAILED [ 94%]
tests/test_06_comment.py::Test06CommentAPI::test_02_comment FAILED       [ 96%]
tests/test_06_comment.py::Test06CommentAPI::test_03_review_detail FAILED [ 98%]
tests/test_06_comment.py::Test06CommentAPI::test_04_comment_check_permission FAILED [100%]

=================================== FAILURES ===================================
___________________ Test02CategoryAPI.test_02_category_admin ___________________

self = <tests.test_02_category.Test02CategoryAPI object at 0x104f61650>
admin_client = <rest_framework.test.APIClient object at 0x104f6d810>

    @pytest.mark.django_db(transaction=True)
    def test_02_category_admin(self, admin_client):
        data = {}
        response = admin_client.post('/api/v1/categories/', data=data)
        assert response.status_code == 400, (
            'Проверьте, что при POST запросе `/api/v1/categories/` с не правильными данными возвращает статус 400'
        )
        data = {
            'name': 'Фильм',
            'slug': 'films'
        }
        response = admin_client.post('/api/v1/categories/', data=data)
        assert response.status_code == 201, (
            'Проверьте, что при POST запросе `/api/v1/categories/` с правильными данными возвращает статус 201'
        )
        data = {
            'name': 'Новые фильмы',
            'slug': 'films'
        }
        response = admin_client.post('/api/v1/categories/', data=data)
        assert response.status_code == 400, (
            'Проверьте, что при POST запросе `/api/v1/categories/` нельзя создать 2 категории с одинаковым `slug`'
        )
        data = {
            'name': 'Книги',
            'slug': 'books'
        }
        response = admin_client.post('/api/v1/categories/', data=data)
        assert response.status_code == 201, (
            'Проверьте, что при POST запросе `/api/v1/categories/` с правильными данными возвращает статус 201'
        )
        response = admin_client.get('/api/v1/categories/')
        assert response.status_code == 200, (
            'Проверьте, что при GET запросе `/api/v1/categories/` возвращает статус 200'
        )
        data = response.json()
        assert 'count' in data, (
            'Проверьте, что при GET запросе `/api/v1/categories/` возвращаете данные с пагинацией. '
            'Не найден параметр `count`'
        )
        assert 'next' in data, (
            'Проверьте, что при GET запросе `/api/v1/categories/` возвращаете данные с пагинацией. '
            'Не найден параметр `next`'
        )
        assert 'previous' in data, (
            'Проверьте, что при GET запросе `/api/v1/categories/` возвращаете данные с пагинацией. '
            'Не найден параметр `previous`'
        )
        assert 'results' in data, (
            'Проверьте, что при GET запросе `/api/v1/categories/` возвращаете данные с пагинацией. '
            'Не найден параметр `results`'
        )
        assert data['count'] == 2, (
            'Проверьте, что при GET запросе `/api/v1/categories/` возвращаете данные с пагинацией. '
            'Значение параметра `count` не правильное'
        )
        assert type(data['results']) == list, (
            'Проверьте, что при GET запросе `/api/v1/categories/` возвращаете данные с пагинацией. '
            'Тип параметра `results` должен быть список'
        )
        assert len(data['results']) == 2, (
            'Проверьте, что при GET запросе `/api/v1/categories/` возвращаете данные с пагинацией. '
            'Значение параметра `results` не правильное'
        )
        assert {'name': 'Книги', 'slug': 'books'} in data['results'], (
            'Проверьте, что при GET запросе `/api/v1/categories/` возвращаете данные с пагинацией. '
            'Значение параметра `results` не правильное'
        )
        response = admin_client.get('/api/v1/categories/?search=Книги')
        data = response.json()
>       assert len(data['results']) == 1, (
            'Проверьте, что при GET запросе `/api/v1/categories/` фильтуется по search параметру названия категории'
        )
E       AssertionError: Проверьте, что при GET запросе `/api/v1/categories/` фильтуется по search параметру названия категории
E       assert 2 == 1
E         +2
E         -1

tests/test_02_category.py:88: AssertionError
------------------------------ Captured log call -------------------------------
WARNING  django.request:log.py:228 Bad Request: /api/v1/categories/
WARNING  django.request:log.py:228 Bad Request: /api/v1/categories/
_______________ Test02CategoryAPI.test_03_category_delete_admin ________________

self = <tests.test_02_category.Test02CategoryAPI object at 0x104fbbe90>
admin_client = <rest_framework.test.APIClient object at 0x104fb3d10>

    @pytest.mark.django_db(transaction=True)
    def test_03_category_delete_admin(self, admin_client):
        create_categories(admin_client)
        response = admin_client.delete('/api/v1/categories/books/')
        assert response.status_code == 204, (
            'Проверьте, что при DELETE запросе `/api/v1/categories/{slug}/` возвращаете статус 204'
        )
        response = admin_client.get('/api/v1/categories/')
        test_data = response.json()['results']
        assert len(test_data) == 1, (
            'Проверьте, что при DELETE запросе `/api/v1/categories/{slug}/` удаляете категорию '
        )
        response = admin_client.get('/api/v1/categories/books/')
        code = 405
>       assert response.status_code == code, (
            'Проверьте, что при GET запросе `/api/v1/categories/{slug}/` '
            f'возвращаете статус {code}'
        )
E       AssertionError: Проверьте, что при GET запросе `/api/v1/categories/{slug}/` возвращаете статус 405
E       assert 404 == 405
E         +404
E         -405

tests/test_02_category.py:106: AssertionError
------------------------------ Captured log call -------------------------------
WARNING  django.request:log.py:228 Not Found: /api/v1/categories/books/
_________________________ Test03GenreAPI.test_02_genre _________________________

self = <tests.test_03_genre.Test03GenreAPI object at 0x104f32950>
admin_client = <rest_framework.test.APIClient object at 0x104f3fad0>

    @pytest.mark.django_db(transaction=True)
    def test_02_genre(self, admin_client):
        data = {}
        response = admin_client.post('/api/v1/genres/', data=data)
        assert response.status_code == 400, (
            'Проверьте, что при POST запросе `/api/v1/genres/` с не правильными данными возвращает статус 400'
        )
        data = {'name': 'Ужасы', 'slug': 'horror'}
        response = admin_client.post('/api/v1/genres/', data=data)
        assert response.status_code == 201, (
            'Проверьте, что при POST запросе `/api/v1/genres/` с правильными данными возвращает статус 201'
        )
        data = {'name': 'Триллер', 'slug': 'horror'}
        response = admin_client.post('/api/v1/genres/', data=data)
        assert response.status_code == 400, (
            'Проверьте, что при POST запросе `/api/v1/genres/` нельзя создать 2 жанра с одинаковым `slug`'
        )
        data = {'name': 'Комедия', 'slug': 'comedy'}
        response = admin_client.post('/api/v1/genres/', data=data)
        assert response.status_code == 201, (
            'Проверьте, что при POST запросе `/api/v1/genres/` с правильными данными возвращает статус 201'
        )
        response = admin_client.get('/api/v1/genres/')
        assert response.status_code == 200, (
            'Проверьте, что при GET запросе `/api/v1/genres/` возвращает статус 200'
        )
        data = response.json()
        assert 'count' in data, (
            'Проверьте, что при GET запросе `/api/v1/genres/` возвращаете данные с пагинацией. '
            'Не найден параметр `count`'
        )
        assert 'next' in data, (
            'Проверьте, что при GET запросе `/api/v1/genres/` возвращаете данные с пагинацией. '
            'Не найден параметр `next`'
        )
        assert 'previous' in data, (
            'Проверьте, что при GET запросе `/api/v1/genres/` возвращаете данные с пагинацией. '
            'Не найден параметр `previous`'
        )
        assert 'results' in data, (
            'Проверьте, что при GET запросе `/api/v1/genres/` возвращаете данные с пагинацией. '
            'Не найден параметр `results`'
        )
        assert data['count'] == 2, (
            'Проверьте, что при GET запросе `/api/v1/genres/` возвращаете данные с пагинацией. '
            'Значение параметра `count` не правильное'
        )
        assert type(data['results']) == list, (
            'Проверьте, что при GET запросе `/api/v1/genres/` возвращаете данные с пагинацией. '
            'Тип параметра `results` должен быть список'
        )
        assert len(data['results']) == 2, (
            'Проверьте, что при GET запросе `/api/v1/genres/` возвращаете данные с пагинацией. '
            'Значение параметра `results` не правильное'
        )
        assert {'name': 'Ужасы', 'slug': 'horror'} in data['results'], (
            'Проверьте, что при GET запросе `/api/v1/genres/` возвращаете данные с пагинацией. '
            'Значение параметра `results` не правильное'
        )
        response = admin_client.get('/api/v1/genres/?search=Ужасы')
        data = response.json()
>       assert len(data['results']) == 1, (
            'Проверьте, что при GET запросе `/api/v1/genres/` фильтуется по search параметру названия жанра '
        )
E       AssertionError: Проверьте, что при GET запросе `/api/v1/genres/` фильтуется по search параметру названия жанра 
E       assert 2 == 1
E         +2
E         -1

tests/test_03_genre.py:79: AssertionError
------------------------------ Captured log call -------------------------------
WARNING  django.request:log.py:228 Bad Request: /api/v1/genres/
WARNING  django.request:log.py:228 Bad Request: /api/v1/genres/
_____________________ Test03GenreAPI.test_03_genres_delete _____________________

self = <tests.test_03_genre.Test03GenreAPI object at 0x104ea9650>
admin_client = <rest_framework.test.APIClient object at 0x104f27890>

    @pytest.mark.django_db(transaction=True)
    def test_03_genres_delete(self, admin_client):
        genres = create_genre(admin_client)
        response = admin_client.delete(f'/api/v1/genres/{genres[0]["slug"]}/')
        assert response.status_code == 204, (
            'Проверьте, что при DELETE запросе `/api/v1/genres/{slug}/` возвращаете статус 204'
        )
        response = admin_client.get('/api/v1/genres/')
        test_data = response.json()['results']
        assert len(test_data) == len(genres) - 1, (
            'Проверьте, что при DELETE запросе `/api/v1/genres/{slug}/` удаляете жанр '
        )
        response = admin_client.get(f'/api/v1/genres/{genres[0]["slug"]}/')
>       assert response.status_code == 405, (
            'Проверьте, что при GET запросе `/api/v1/genres/{slug}/` возвращаете статус 405'
        )
E       AssertionError: Проверьте, что при GET запросе `/api/v1/genres/{slug}/` возвращаете статус 405
E       assert 404 == 405
E         +404
E         -405

tests/test_03_genre.py:96: AssertionError
------------------------------ Captured log call -------------------------------
WARNING  django.request:log.py:228 Not Found: /api/v1/genres/horror/
______________________ Test04TitleAPI.test_02_title_admin ______________________

self = <tests.test_04_title.Test04TitleAPI object at 0x104f1ce90>
admin_client = <rest_framework.test.APIClient object at 0x104f61850>

    @pytest.mark.django_db(transaction=True)
    def test_02_title_admin(self, admin_client):
        genres = create_genre(admin_client)
        categories = create_categories(admin_client)
        data = {}
        response = admin_client.post('/api/v1/titles/', data=data)
        assert response.status_code == 400, (
            'Проверьте, что при POST запросе `/api/v1/titles/` с не правильными данными возвращает статус 400'
        )
        data = {'name': 'Поворот туда', 'year': 2000, 'genre': [genres[0]['slug'], genres[1]['slug']],
                'category': categories[0]['slug'], 'description': 'Крутое пике'}
        response = admin_client.post('/api/v1/titles/', data=data)
        assert response.status_code == 201, (
            'Проверьте, что при POST запросе `/api/v1/titles/` с правильными данными возвращает статус 201'
        )
        data = {'name': 'Проект', 'year': 2020, 'genre': [genres[2]['slug']], 'category': categories[1]['slug'],
                'description': 'Главная драма года'}
        response = admin_client.post('/api/v1/titles/', data=data)
        assert response.status_code == 201, (
            'Проверьте, что при POST запросе `/api/v1/titles/` с правильными данными возвращает статус 201'
        )
        assert type(response.json().get('id')) == int, (
            'Проверьте, что при POST запросе `/api/v1/titles/` возвращаете данные созданного объекта. '
            'Значение `id` нет или не является целым числом.'
        )
        response = admin_client.get('/api/v1/titles/')
        assert response.status_code == 200, (
            'Проверьте, что при GET запросе `/api/v1/titles/` возвращает статус 200'
        )
        data = response.json()
        assert 'count' in data, (
            'Проверьте, что при GET запросе `/api/v1/titles/` возвращаете данные с пагинацией. '
            'Не найден параметр `count`'
        )
        assert 'next' in data, (
            'Проверьте, что при GET запросе `/api/v1/titles/` возвращаете данные с пагинацией. '
            'Не найден параметр `next`'
        )
        assert 'previous' in data, (
            'Проверьте, что при GET запросе `/api/v1/titles/` возвращаете данные с пагинацией. '
            'Не найден параметр `previous`'
        )
        assert 'results' in data, (
            'Проверьте, что при GET запросе `/api/v1/titles/` возвращаете данные с пагинацией. '
            'Не найден параметр `results`'
        )
        assert data['count'] == 2, (
            'Проверьте, что при GET запросе `/api/v1/titles/` возвращаете данные с пагинацией. '
            'Значение параметра `count` не правильное'
        )
        assert type(data['results']) == list, (
            'Проверьте, что при GET запросе `/api/v1/titles/` возвращаете данные с пагинацией. '
            'Тип параметра `results` должен быть список'
        )
        assert len(data['results']) == 2, (
            'Проверьте, что при GET запросе `/api/v1/titles/` возвращаете данные с пагинацией. '
            'Значение параметра `results` не правильное'
        )
        if data['results'][0].get('name') == 'Поворот туда':
            title = data['results'][0]
        elif data['results'][1].get('name') == 'Поворот туда':
            title = data['results'][1]
        else:
            assert False, (
                'Проверьте, что при GET запросе `/api/v1/titles/` возвращаете данные с пагинацией. '
                'Значение параметра `results` неправильное, `name` не найдено или не сохранилось при POST запросе.'
            )
    
        assert title.get('rating') is None, (
            'Проверьте, что при GET запросе `/api/v1/titles/` возвращаете данные с пагинацией. '
            'Значение параметра `results` неправильное, `rating` без отзывов должен быть равен `None`'
        )
        assert title.get('category') == categories[0], (
            'Проверьте, что при GET запросе `/api/v1/titles/` возвращаете данные с пагинацией. '
            'Значение параметра `results` неправильное, значение `category` неправильное '
            'или не сохранилось при POST запросе.'
        )
        assert genres[0] in title.get('genre', []) and genres[1] in title.get('genre', []), (
            'Проверьте, что при GET запросе `/api/v1/titles/` возвращаете данные с пагинацией. '
            'Значение параметра `results` неправильное, значение `genre` неправильное '
            'или не сохранилось при POST запросе.'
        )
        assert title.get('year') == 2000, (
            'Проверьте, что при GET запросе `/api/v1/titles/` возвращаете данные с пагинацией. '
            'Значение параметра `results` неправильное, значение `year` неправильное '
            'или не сохранилось при POST запросе.'
        )
        assert title.get('description') == 'Крутое пике', (
            'Проверьте, что при GET запросе `/api/v1/titles/` возвращаете данные с пагинацией. '
            'Значение параметра `results` неправильное, значение `description` неправильное '
            'или не сохранилось при POST запросе.'
        )
        assert type(title.get('id')) == int, (
            'Проверьте, что при GET запросе `/api/v1/titles/` возвращаете данные с пагинацией. '
            'Значение параметра `results` неправильное, значение `id` нет или не является целым числом.'
        )
        data = {'name': 'Поворот', 'year': 2020, 'genre': [genres[1]['slug']],
                'category': categories[1]['slug'], 'description': 'Крутое пике'}
        admin_client.post('/api/v1/titles/', data=data)
        response = admin_client.get(f'/api/v1/titles/?genre={genres[1]["slug"]}')
        data = response.json()
>       assert len(data['results']) == 2, (
            'Проверьте, что при GET запросе `/api/v1/titles/` фильтуется по `genre` параметру `slug` жанра'
        )
E       AssertionError: Проверьте, что при GET запросе `/api/v1/titles/` фильтуется по `genre` параметру `slug` жанра
E       assert 3 == 2
E         +3
E         -2

tests/test_04_title.py:120: AssertionError
------------------------------ Captured log call -------------------------------
WARNING  django.request:log.py:228 Bad Request: /api/v1/titles/
_____________________ Test05ReviewAPI.test_02_review_admin _____________________

self = <tests.test_05_review.Test05ReviewAPI object at 0x104f73190>
admin_client = <rest_framework.test.APIClient object at 0x105041150>
admin = <User: TestAdmin>

    @pytest.mark.django_db(transaction=True)
    def test_02_review_admin(self, admin_client, admin):
        titles, _, _ = create_titles(admin_client)
        user, moderator = create_users_api(admin_client)
        client_user = auth_client(user)
        client_moderator = auth_client(moderator)
        data = {}
>       response = admin_client.post(f'/api/v1/titles/{titles[0]["id"]}/reviews/', data=data)

tests/test_05_review.py:37: 
_ _ _ _ _ _ _ _ _ _ _ _ _ _ _ _ _ _ _ _ _ _ _ _ _ _ _ _ _ _ _ _ _ _ _ _ _ _ _ _ 
venv/lib/python3.7/site-packages/rest_framework/test.py:296: in post
    path, data=data, format=format, content_type=content_type, **extra)
venv/lib/python3.7/site-packages/rest_framework/test.py:209: in post
    return self.generic('POST', path, data, content_type, **extra)
venv/lib/python3.7/site-packages/rest_framework/test.py:234: in generic
    method, path, data, content_type, secure, **extra)
venv/lib/python3.7/site-packages/django/test/client.py:422: in generic
    return self.request(**r)
venv/lib/python3.7/site-packages/rest_framework/test.py:285: in request
    return super().request(**kwargs)
venv/lib/python3.7/site-packages/rest_framework/test.py:237: in request
    request = super().request(**kwargs)
venv/lib/python3.7/site-packages/django/test/client.py:503: in request
    raise exc_value
venv/lib/python3.7/site-packages/django/core/handlers/exception.py:34: in inner
    response = get_response(request)
venv/lib/python3.7/site-packages/django/core/handlers/base.py:115: in _get_response
    response = self.process_exception_by_middleware(e, request)
venv/lib/python3.7/site-packages/django/core/handlers/base.py:113: in _get_response
    response = wrapped_callback(request, *callback_args, **callback_kwargs)
venv/lib/python3.7/site-packages/django/views/decorators/csrf.py:54: in wrapped_view
    return view_func(*args, **kwargs)
venv/lib/python3.7/site-packages/rest_framework/viewsets.py:125: in view
    return self.dispatch(request, *args, **kwargs)
venv/lib/python3.7/site-packages/rest_framework/views.py:509: in dispatch
    response = self.handle_exception(exc)
venv/lib/python3.7/site-packages/rest_framework/views.py:469: in handle_exception
    self.raise_uncaught_exception(exc)
venv/lib/python3.7/site-packages/rest_framework/views.py:480: in raise_uncaught_exception
    raise exc
venv/lib/python3.7/site-packages/rest_framework/views.py:506: in dispatch
    response = handler(request, *args, **kwargs)
venv/lib/python3.7/site-packages/rest_framework/mixins.py:18: in create
    serializer.is_valid(raise_exception=True)
venv/lib/python3.7/site-packages/rest_framework/serializers.py:220: in is_valid
    self._validated_data = self.run_validation(self.initial_data)
venv/lib/python3.7/site-packages/rest_framework/serializers.py:419: in run_validation
    value = self.to_internal_value(data)
venv/lib/python3.7/site-packages/rest_framework/serializers.py:472: in to_internal_value
    for field in fields:
venv/lib/python3.7/site-packages/rest_framework/serializers.py:355: in _writable_fields
    for field in self.fields.values():
venv/lib/python3.7/site-packages/django/utils/functional.py:80: in __get__
    res = instance.__dict__[self.name] = self.func(instance)
venv/lib/python3.7/site-packages/rest_framework/serializers.py:349: in fields
    for key, value in self.get_fields().items():
venv/lib/python3.7/site-packages/rest_framework/serializers.py:1029: in get_fields
    field_names = self.get_field_names(declared_fields, info)
_ _ _ _ _ _ _ _ _ _ _ _ _ _ _ _ _ _ _ _ _ _ _ _ _ _ _ _ _ _ _ _ _ _ _ _ _ _ _ _ 

self = <[AssertionError("The field 'title_id' was declared on serializer ReviewSerializer, but has not been included in the 'fields' option.") raised in repr()] ReviewSerializer object at 0x104eae1d0>
declared_fields = OrderedDict([('author', SlugRelatedField(read_only=True, slug_field='username')), ('title_id', HiddenField(default='title_id'))])
info = FieldResult(pk=<django.db.models.fields.AutoField: id>, fields=OrderedDict([('text', <django.db.models.fields.TextFiel...related_model=<class 'reviews.models.Comment'>, to_many=True, to_field='id', has_through_model=False, reverse=True))]))

    def get_field_names(self, declared_fields, info):
        """
        Returns the list of all field names that should be created when
        instantiating this serializer class. This is based on the default
        set of fields, but also takes into account the `Meta.fields` or
        `Meta.exclude` options if they have been specified.
        """
        fields = getattr(self.Meta, 'fields', None)
        exclude = getattr(self.Meta, 'exclude', None)
    
        if fields and fields != ALL_FIELDS and not isinstance(fields, (list, tuple)):
            raise TypeError(
                'The `fields` option must be a list or tuple or "__all__". '
                'Got %s.' % type(fields).__name__
            )
    
        if exclude and not isinstance(exclude, (list, tuple)):
            raise TypeError(
                'The `exclude` option must be a list or tuple. Got %s.' %
                type(exclude).__name__
            )
    
        assert not (fields and exclude), (
            "Cannot set both 'fields' and 'exclude' options on "
            "serializer {serializer_class}.".format(
                serializer_class=self.__class__.__name__
            )
        )
    
        assert not (fields is None and exclude is None), (
            "Creating a ModelSerializer without either the 'fields' attribute "
            "or the 'exclude' attribute has been deprecated since 3.3.0, "
            "and is now disallowed. Add an explicit fields = '__all__' to the "
            "{serializer_class} serializer.".format(
                serializer_class=self.__class__.__name__
            ),
        )
    
        if fields == ALL_FIELDS:
            fields = None
    
        if fields is not None:
            # Ensure that all declared fields have also been included in the
            # `Meta.fields` option.
    
            # Do not require any fields that are declared in a parent class,
            # in order to allow serializer subclasses to only include
            # a subset of fields.
            required_field_names = set(declared_fields)
            for cls in self.__class__.__bases__:
                required_field_names -= set(getattr(cls, '_declared_fields', []))
    
            for field_name in required_field_names:
                assert field_name in fields, (
                    "The field '{field_name}' was declared on serializer "
                    "{serializer_class}, but has not been included in the "
                    "'fields' option.".format(
                        field_name=field_name,
>                       serializer_class=self.__class__.__name__
                    )
                )
E               AssertionError: The field 'title_id' was declared on serializer ReviewSerializer, but has not been included in the 'fields' option.

venv/lib/python3.7/site-packages/rest_framework/serializers.py:1130: AssertionError
------------------------------ Captured log call -------------------------------
ERROR    django.request:log.py:228 Internal Server Error: /api/v1/titles/10/reviews/
Traceback (most recent call last):
  File "/Users/Alexey/Dev/api_yamdb/venv/lib/python3.7/site-packages/django/core/handlers/exception.py", line 34, in inner
    response = get_response(request)
  File "/Users/Alexey/Dev/api_yamdb/venv/lib/python3.7/site-packages/django/core/handlers/base.py", line 115, in _get_response
    response = self.process_exception_by_middleware(e, request)
  File "/Users/Alexey/Dev/api_yamdb/venv/lib/python3.7/site-packages/django/core/handlers/base.py", line 113, in _get_response
    response = wrapped_callback(request, *callback_args, **callback_kwargs)
  File "/Users/Alexey/Dev/api_yamdb/venv/lib/python3.7/site-packages/django/views/decorators/csrf.py", line 54, in wrapped_view
    return view_func(*args, **kwargs)
  File "/Users/Alexey/Dev/api_yamdb/venv/lib/python3.7/site-packages/rest_framework/viewsets.py", line 125, in view
    return self.dispatch(request, *args, **kwargs)
  File "/Users/Alexey/Dev/api_yamdb/venv/lib/python3.7/site-packages/rest_framework/views.py", line 509, in dispatch
    response = self.handle_exception(exc)
  File "/Users/Alexey/Dev/api_yamdb/venv/lib/python3.7/site-packages/rest_framework/views.py", line 469, in handle_exception
    self.raise_uncaught_exception(exc)
  File "/Users/Alexey/Dev/api_yamdb/venv/lib/python3.7/site-packages/rest_framework/views.py", line 480, in raise_uncaught_exception
    raise exc
  File "/Users/Alexey/Dev/api_yamdb/venv/lib/python3.7/site-packages/rest_framework/views.py", line 506, in dispatch
    response = handler(request, *args, **kwargs)
  File "/Users/Alexey/Dev/api_yamdb/venv/lib/python3.7/site-packages/rest_framework/mixins.py", line 18, in create
    serializer.is_valid(raise_exception=True)
  File "/Users/Alexey/Dev/api_yamdb/venv/lib/python3.7/site-packages/rest_framework/serializers.py", line 220, in is_valid
    self._validated_data = self.run_validation(self.initial_data)
  File "/Users/Alexey/Dev/api_yamdb/venv/lib/python3.7/site-packages/rest_framework/serializers.py", line 419, in run_validation
    value = self.to_internal_value(data)
  File "/Users/Alexey/Dev/api_yamdb/venv/lib/python3.7/site-packages/rest_framework/serializers.py", line 472, in to_internal_value
    for field in fields:
  File "/Users/Alexey/Dev/api_yamdb/venv/lib/python3.7/site-packages/rest_framework/serializers.py", line 355, in _writable_fields
    for field in self.fields.values():
  File "/Users/Alexey/Dev/api_yamdb/venv/lib/python3.7/site-packages/django/utils/functional.py", line 80, in __get__
    res = instance.__dict__[self.name] = self.func(instance)
  File "/Users/Alexey/Dev/api_yamdb/venv/lib/python3.7/site-packages/rest_framework/serializers.py", line 349, in fields
    for key, value in self.get_fields().items():
  File "/Users/Alexey/Dev/api_yamdb/venv/lib/python3.7/site-packages/rest_framework/serializers.py", line 1029, in get_fields
    field_names = self.get_field_names(declared_fields, info)
  File "/Users/Alexey/Dev/api_yamdb/venv/lib/python3.7/site-packages/rest_framework/serializers.py", line 1130, in get_field_names
    serializer_class=self.__class__.__name__
AssertionError: The field 'title_id' was declared on serializer ReviewSerializer, but has not been included in the 'fields' option.
____________________ Test05ReviewAPI.test_03_review_detail _____________________

self = <tests.test_05_review.Test05ReviewAPI object at 0x1046bb090>
client = <django.test.client.Client object at 0x104667250>
admin_client = <rest_framework.test.APIClient object at 0x104667f10>
admin = <User: TestAdmin>

    @pytest.mark.django_db(transaction=True)
    def test_03_review_detail(self, client, admin_client, admin):
>       reviews, titles, user, moderator = create_reviews(admin_client, admin)

tests/test_05_review.py:202: 
_ _ _ _ _ _ _ _ _ _ _ _ _ _ _ _ _ _ _ _ _ _ _ _ _ _ _ _ _ _ _ _ _ _ _ _ _ _ _ _ 
tests/common.py:90: in create_reviews
    result.append({'id': create_review(admin_client, titles[0]["id"], 'qwerty', 5),
tests/common.py:82: in create_review
    response = uclient.post(f'/api/v1/titles/{title_id}/reviews/', data=data)
venv/lib/python3.7/site-packages/rest_framework/test.py:296: in post
    path, data=data, format=format, content_type=content_type, **extra)
venv/lib/python3.7/site-packages/rest_framework/test.py:209: in post
    return self.generic('POST', path, data, content_type, **extra)
venv/lib/python3.7/site-packages/rest_framework/test.py:234: in generic
    method, path, data, content_type, secure, **extra)
venv/lib/python3.7/site-packages/django/test/client.py:422: in generic
    return self.request(**r)
venv/lib/python3.7/site-packages/rest_framework/test.py:285: in request
    return super().request(**kwargs)
venv/lib/python3.7/site-packages/rest_framework/test.py:237: in request
    request = super().request(**kwargs)
venv/lib/python3.7/site-packages/django/test/client.py:503: in request
    raise exc_value
venv/lib/python3.7/site-packages/django/core/handlers/exception.py:34: in inner
    response = get_response(request)
venv/lib/python3.7/site-packages/django/core/handlers/base.py:115: in _get_response
    response = self.process_exception_by_middleware(e, request)
venv/lib/python3.7/site-packages/django/core/handlers/base.py:113: in _get_response
    response = wrapped_callback(request, *callback_args, **callback_kwargs)
venv/lib/python3.7/site-packages/django/views/decorators/csrf.py:54: in wrapped_view
    return view_func(*args, **kwargs)
venv/lib/python3.7/site-packages/rest_framework/viewsets.py:125: in view
    return self.dispatch(request, *args, **kwargs)
venv/lib/python3.7/site-packages/rest_framework/views.py:509: in dispatch
    response = self.handle_exception(exc)
venv/lib/python3.7/site-packages/rest_framework/views.py:469: in handle_exception
    self.raise_uncaught_exception(exc)
venv/lib/python3.7/site-packages/rest_framework/views.py:480: in raise_uncaught_exception
    raise exc
venv/lib/python3.7/site-packages/rest_framework/views.py:506: in dispatch
    response = handler(request, *args, **kwargs)
venv/lib/python3.7/site-packages/rest_framework/mixins.py:18: in create
    serializer.is_valid(raise_exception=True)
venv/lib/python3.7/site-packages/rest_framework/serializers.py:220: in is_valid
    self._validated_data = self.run_validation(self.initial_data)
venv/lib/python3.7/site-packages/rest_framework/serializers.py:419: in run_validation
    value = self.to_internal_value(data)
venv/lib/python3.7/site-packages/rest_framework/serializers.py:472: in to_internal_value
    for field in fields:
venv/lib/python3.7/site-packages/rest_framework/serializers.py:355: in _writable_fields
    for field in self.fields.values():
venv/lib/python3.7/site-packages/django/utils/functional.py:80: in __get__
    res = instance.__dict__[self.name] = self.func(instance)
venv/lib/python3.7/site-packages/rest_framework/serializers.py:349: in fields
    for key, value in self.get_fields().items():
venv/lib/python3.7/site-packages/rest_framework/serializers.py:1029: in get_fields
    field_names = self.get_field_names(declared_fields, info)
_ _ _ _ _ _ _ _ _ _ _ _ _ _ _ _ _ _ _ _ _ _ _ _ _ _ _ _ _ _ _ _ _ _ _ _ _ _ _ _ 

self = <[AssertionError("The field 'title_id' was declared on serializer ReviewSerializer, but has not been included in the 'fields' option.") raised in repr()] ReviewSerializer object at 0x1046087d0>
declared_fields = OrderedDict([('author', SlugRelatedField(read_only=True, slug_field='username')), ('title_id', HiddenField(default='title_id'))])
info = FieldResult(pk=<django.db.models.fields.AutoField: id>, fields=OrderedDict([('text', <django.db.models.fields.TextFiel...related_model=<class 'reviews.models.Comment'>, to_many=True, to_field='id', has_through_model=False, reverse=True))]))

    def get_field_names(self, declared_fields, info):
        """
        Returns the list of all field names that should be created when
        instantiating this serializer class. This is based on the default
        set of fields, but also takes into account the `Meta.fields` or
        `Meta.exclude` options if they have been specified.
        """
        fields = getattr(self.Meta, 'fields', None)
        exclude = getattr(self.Meta, 'exclude', None)
    
        if fields and fields != ALL_FIELDS and not isinstance(fields, (list, tuple)):
            raise TypeError(
                'The `fields` option must be a list or tuple or "__all__". '
                'Got %s.' % type(fields).__name__
            )
    
        if exclude and not isinstance(exclude, (list, tuple)):
            raise TypeError(
                'The `exclude` option must be a list or tuple. Got %s.' %
                type(exclude).__name__
            )
    
        assert not (fields and exclude), (
            "Cannot set both 'fields' and 'exclude' options on "
            "serializer {serializer_class}.".format(
                serializer_class=self.__class__.__name__
            )
        )
    
        assert not (fields is None and exclude is None), (
            "Creating a ModelSerializer without either the 'fields' attribute "
            "or the 'exclude' attribute has been deprecated since 3.3.0, "
            "and is now disallowed. Add an explicit fields = '__all__' to the "
            "{serializer_class} serializer.".format(
                serializer_class=self.__class__.__name__
            ),
        )
    
        if fields == ALL_FIELDS:
            fields = None
    
        if fields is not None:
            # Ensure that all declared fields have also been included in the
            # `Meta.fields` option.
    
            # Do not require any fields that are declared in a parent class,
            # in order to allow serializer subclasses to only include
            # a subset of fields.
            required_field_names = set(declared_fields)
            for cls in self.__class__.__bases__:
                required_field_names -= set(getattr(cls, '_declared_fields', []))
    
            for field_name in required_field_names:
                assert field_name in fields, (
                    "The field '{field_name}' was declared on serializer "
                    "{serializer_class}, but has not been included in the "
                    "'fields' option.".format(
                        field_name=field_name,
>                       serializer_class=self.__class__.__name__
                    )
                )
E               AssertionError: The field 'title_id' was declared on serializer ReviewSerializer, but has not been included in the 'fields' option.

venv/lib/python3.7/site-packages/rest_framework/serializers.py:1130: AssertionError
------------------------------ Captured log call -------------------------------
ERROR    django.request:log.py:228 Internal Server Error: /api/v1/titles/12/reviews/
Traceback (most recent call last):
  File "/Users/Alexey/Dev/api_yamdb/venv/lib/python3.7/site-packages/django/core/handlers/exception.py", line 34, in inner
    response = get_response(request)
  File "/Users/Alexey/Dev/api_yamdb/venv/lib/python3.7/site-packages/django/core/handlers/base.py", line 115, in _get_response
    response = self.process_exception_by_middleware(e, request)
  File "/Users/Alexey/Dev/api_yamdb/venv/lib/python3.7/site-packages/django/core/handlers/base.py", line 113, in _get_response
    response = wrapped_callback(request, *callback_args, **callback_kwargs)
  File "/Users/Alexey/Dev/api_yamdb/venv/lib/python3.7/site-packages/django/views/decorators/csrf.py", line 54, in wrapped_view
    return view_func(*args, **kwargs)
  File "/Users/Alexey/Dev/api_yamdb/venv/lib/python3.7/site-packages/rest_framework/viewsets.py", line 125, in view
    return self.dispatch(request, *args, **kwargs)
  File "/Users/Alexey/Dev/api_yamdb/venv/lib/python3.7/site-packages/rest_framework/views.py", line 509, in dispatch
    response = self.handle_exception(exc)
  File "/Users/Alexey/Dev/api_yamdb/venv/lib/python3.7/site-packages/rest_framework/views.py", line 469, in handle_exception
    self.raise_uncaught_exception(exc)
  File "/Users/Alexey/Dev/api_yamdb/venv/lib/python3.7/site-packages/rest_framework/views.py", line 480, in raise_uncaught_exception
    raise exc
  File "/Users/Alexey/Dev/api_yamdb/venv/lib/python3.7/site-packages/rest_framework/views.py", line 506, in dispatch
    response = handler(request, *args, **kwargs)
  File "/Users/Alexey/Dev/api_yamdb/venv/lib/python3.7/site-packages/rest_framework/mixins.py", line 18, in create
    serializer.is_valid(raise_exception=True)
  File "/Users/Alexey/Dev/api_yamdb/venv/lib/python3.7/site-packages/rest_framework/serializers.py", line 220, in is_valid
    self._validated_data = self.run_validation(self.initial_data)
  File "/Users/Alexey/Dev/api_yamdb/venv/lib/python3.7/site-packages/rest_framework/serializers.py", line 419, in run_validation
    value = self.to_internal_value(data)
  File "/Users/Alexey/Dev/api_yamdb/venv/lib/python3.7/site-packages/rest_framework/serializers.py", line 472, in to_internal_value
    for field in fields:
  File "/Users/Alexey/Dev/api_yamdb/venv/lib/python3.7/site-packages/rest_framework/serializers.py", line 355, in _writable_fields
    for field in self.fields.values():
  File "/Users/Alexey/Dev/api_yamdb/venv/lib/python3.7/site-packages/django/utils/functional.py", line 80, in __get__
    res = instance.__dict__[self.name] = self.func(instance)
  File "/Users/Alexey/Dev/api_yamdb/venv/lib/python3.7/site-packages/rest_framework/serializers.py", line 349, in fields
    for key, value in self.get_fields().items():
  File "/Users/Alexey/Dev/api_yamdb/venv/lib/python3.7/site-packages/rest_framework/serializers.py", line 1029, in get_fields
    field_names = self.get_field_names(declared_fields, info)
  File "/Users/Alexey/Dev/api_yamdb/venv/lib/python3.7/site-packages/rest_framework/serializers.py", line 1130, in get_field_names
    serializer_class=self.__class__.__name__
AssertionError: The field 'title_id' was declared on serializer ReviewSerializer, but has not been included in the 'fields' option.
_______________ Test05ReviewAPI.test_04_reviews_check_permission _______________

self = <tests.test_05_review.Test05ReviewAPI object at 0x1050eded0>
client = <django.test.client.Client object at 0x105174b90>
admin_client = <rest_framework.test.APIClient object at 0x105174550>
admin = <User: TestAdmin>

    @pytest.mark.django_db(transaction=True)
    def test_04_reviews_check_permission(self, client, admin_client, admin):
>       reviews, titles, user, moderator = create_reviews(admin_client, admin)

tests/test_05_review.py:319: 
_ _ _ _ _ _ _ _ _ _ _ _ _ _ _ _ _ _ _ _ _ _ _ _ _ _ _ _ _ _ _ _ _ _ _ _ _ _ _ _ 
tests/common.py:90: in create_reviews
    result.append({'id': create_review(admin_client, titles[0]["id"], 'qwerty', 5),
tests/common.py:82: in create_review
    response = uclient.post(f'/api/v1/titles/{title_id}/reviews/', data=data)
venv/lib/python3.7/site-packages/rest_framework/test.py:296: in post
    path, data=data, format=format, content_type=content_type, **extra)
venv/lib/python3.7/site-packages/rest_framework/test.py:209: in post
    return self.generic('POST', path, data, content_type, **extra)
venv/lib/python3.7/site-packages/rest_framework/test.py:234: in generic
    method, path, data, content_type, secure, **extra)
venv/lib/python3.7/site-packages/django/test/client.py:422: in generic
    return self.request(**r)
venv/lib/python3.7/site-packages/rest_framework/test.py:285: in request
    return super().request(**kwargs)
venv/lib/python3.7/site-packages/rest_framework/test.py:237: in request
    request = super().request(**kwargs)
venv/lib/python3.7/site-packages/django/test/client.py:503: in request
    raise exc_value
venv/lib/python3.7/site-packages/django/core/handlers/exception.py:34: in inner
    response = get_response(request)
venv/lib/python3.7/site-packages/django/core/handlers/base.py:115: in _get_response
    response = self.process_exception_by_middleware(e, request)
venv/lib/python3.7/site-packages/django/core/handlers/base.py:113: in _get_response
    response = wrapped_callback(request, *callback_args, **callback_kwargs)
venv/lib/python3.7/site-packages/django/views/decorators/csrf.py:54: in wrapped_view
    return view_func(*args, **kwargs)
venv/lib/python3.7/site-packages/rest_framework/viewsets.py:125: in view
    return self.dispatch(request, *args, **kwargs)
venv/lib/python3.7/site-packages/rest_framework/views.py:509: in dispatch
    response = self.handle_exception(exc)
venv/lib/python3.7/site-packages/rest_framework/views.py:469: in handle_exception
    self.raise_uncaught_exception(exc)
venv/lib/python3.7/site-packages/rest_framework/views.py:480: in raise_uncaught_exception
    raise exc
venv/lib/python3.7/site-packages/rest_framework/views.py:506: in dispatch
    response = handler(request, *args, **kwargs)
venv/lib/python3.7/site-packages/rest_framework/mixins.py:18: in create
    serializer.is_valid(raise_exception=True)
venv/lib/python3.7/site-packages/rest_framework/serializers.py:220: in is_valid
    self._validated_data = self.run_validation(self.initial_data)
venv/lib/python3.7/site-packages/rest_framework/serializers.py:419: in run_validation
    value = self.to_internal_value(data)
venv/lib/python3.7/site-packages/rest_framework/serializers.py:472: in to_internal_value
    for field in fields:
venv/lib/python3.7/site-packages/rest_framework/serializers.py:355: in _writable_fields
    for field in self.fields.values():
venv/lib/python3.7/site-packages/django/utils/functional.py:80: in __get__
    res = instance.__dict__[self.name] = self.func(instance)
venv/lib/python3.7/site-packages/rest_framework/serializers.py:349: in fields
    for key, value in self.get_fields().items():
venv/lib/python3.7/site-packages/rest_framework/serializers.py:1029: in get_fields
    field_names = self.get_field_names(declared_fields, info)
_ _ _ _ _ _ _ _ _ _ _ _ _ _ _ _ _ _ _ _ _ _ _ _ _ _ _ _ _ _ _ _ _ _ _ _ _ _ _ _ 

self = <[AssertionError("The field 'title_id' was declared on serializer ReviewSerializer, but has not been included in the 'fields' option.") raised in repr()] ReviewSerializer object at 0x104fb3690>
declared_fields = OrderedDict([('author', SlugRelatedField(read_only=True, slug_field='username')), ('title_id', HiddenField(default='title_id'))])
info = FieldResult(pk=<django.db.models.fields.AutoField: id>, fields=OrderedDict([('text', <django.db.models.fields.TextFiel...related_model=<class 'reviews.models.Comment'>, to_many=True, to_field='id', has_through_model=False, reverse=True))]))

    def get_field_names(self, declared_fields, info):
        """
        Returns the list of all field names that should be created when
        instantiating this serializer class. This is based on the default
        set of fields, but also takes into account the `Meta.fields` or
        `Meta.exclude` options if they have been specified.
        """
        fields = getattr(self.Meta, 'fields', None)
        exclude = getattr(self.Meta, 'exclude', None)
    
        if fields and fields != ALL_FIELDS and not isinstance(fields, (list, tuple)):
            raise TypeError(
                'The `fields` option must be a list or tuple or "__all__". '
                'Got %s.' % type(fields).__name__
            )
    
        if exclude and not isinstance(exclude, (list, tuple)):
            raise TypeError(
                'The `exclude` option must be a list or tuple. Got %s.' %
                type(exclude).__name__
            )
    
        assert not (fields and exclude), (
            "Cannot set both 'fields' and 'exclude' options on "
            "serializer {serializer_class}.".format(
                serializer_class=self.__class__.__name__
            )
        )
    
        assert not (fields is None and exclude is None), (
            "Creating a ModelSerializer without either the 'fields' attribute "
            "or the 'exclude' attribute has been deprecated since 3.3.0, "
            "and is now disallowed. Add an explicit fields = '__all__' to the "
            "{serializer_class} serializer.".format(
                serializer_class=self.__class__.__name__
            ),
        )
    
        if fields == ALL_FIELDS:
            fields = None
    
        if fields is not None:
            # Ensure that all declared fields have also been included in the
            # `Meta.fields` option.
    
            # Do not require any fields that are declared in a parent class,
            # in order to allow serializer subclasses to only include
            # a subset of fields.
            required_field_names = set(declared_fields)
            for cls in self.__class__.__bases__:
                required_field_names -= set(getattr(cls, '_declared_fields', []))
    
            for field_name in required_field_names:
                assert field_name in fields, (
                    "The field '{field_name}' was declared on serializer "
                    "{serializer_class}, but has not been included in the "
                    "'fields' option.".format(
                        field_name=field_name,
>                       serializer_class=self.__class__.__name__
                    )
                )
E               AssertionError: The field 'title_id' was declared on serializer ReviewSerializer, but has not been included in the 'fields' option.

venv/lib/python3.7/site-packages/rest_framework/serializers.py:1130: AssertionError
------------------------------ Captured log call -------------------------------
ERROR    django.request:log.py:228 Internal Server Error: /api/v1/titles/14/reviews/
Traceback (most recent call last):
  File "/Users/Alexey/Dev/api_yamdb/venv/lib/python3.7/site-packages/django/core/handlers/exception.py", line 34, in inner
    response = get_response(request)
  File "/Users/Alexey/Dev/api_yamdb/venv/lib/python3.7/site-packages/django/core/handlers/base.py", line 115, in _get_response
    response = self.process_exception_by_middleware(e, request)
  File "/Users/Alexey/Dev/api_yamdb/venv/lib/python3.7/site-packages/django/core/handlers/base.py", line 113, in _get_response
    response = wrapped_callback(request, *callback_args, **callback_kwargs)
  File "/Users/Alexey/Dev/api_yamdb/venv/lib/python3.7/site-packages/django/views/decorators/csrf.py", line 54, in wrapped_view
    return view_func(*args, **kwargs)
  File "/Users/Alexey/Dev/api_yamdb/venv/lib/python3.7/site-packages/rest_framework/viewsets.py", line 125, in view
    return self.dispatch(request, *args, **kwargs)
  File "/Users/Alexey/Dev/api_yamdb/venv/lib/python3.7/site-packages/rest_framework/views.py", line 509, in dispatch
    response = self.handle_exception(exc)
  File "/Users/Alexey/Dev/api_yamdb/venv/lib/python3.7/site-packages/rest_framework/views.py", line 469, in handle_exception
    self.raise_uncaught_exception(exc)
  File "/Users/Alexey/Dev/api_yamdb/venv/lib/python3.7/site-packages/rest_framework/views.py", line 480, in raise_uncaught_exception
    raise exc
  File "/Users/Alexey/Dev/api_yamdb/venv/lib/python3.7/site-packages/rest_framework/views.py", line 506, in dispatch
    response = handler(request, *args, **kwargs)
  File "/Users/Alexey/Dev/api_yamdb/venv/lib/python3.7/site-packages/rest_framework/mixins.py", line 18, in create
    serializer.is_valid(raise_exception=True)
  File "/Users/Alexey/Dev/api_yamdb/venv/lib/python3.7/site-packages/rest_framework/serializers.py", line 220, in is_valid
    self._validated_data = self.run_validation(self.initial_data)
  File "/Users/Alexey/Dev/api_yamdb/venv/lib/python3.7/site-packages/rest_framework/serializers.py", line 419, in run_validation
    value = self.to_internal_value(data)
  File "/Users/Alexey/Dev/api_yamdb/venv/lib/python3.7/site-packages/rest_framework/serializers.py", line 472, in to_internal_value
    for field in fields:
  File "/Users/Alexey/Dev/api_yamdb/venv/lib/python3.7/site-packages/rest_framework/serializers.py", line 355, in _writable_fields
    for field in self.fields.values():
  File "/Users/Alexey/Dev/api_yamdb/venv/lib/python3.7/site-packages/django/utils/functional.py", line 80, in __get__
    res = instance.__dict__[self.name] = self.func(instance)
  File "/Users/Alexey/Dev/api_yamdb/venv/lib/python3.7/site-packages/rest_framework/serializers.py", line 349, in fields
    for key, value in self.get_fields().items():
  File "/Users/Alexey/Dev/api_yamdb/venv/lib/python3.7/site-packages/rest_framework/serializers.py", line 1029, in get_fields
    field_names = self.get_field_names(declared_fields, info)
  File "/Users/Alexey/Dev/api_yamdb/venv/lib/python3.7/site-packages/rest_framework/serializers.py", line 1130, in get_field_names
    serializer_class=self.__class__.__name__
AssertionError: The field 'title_id' was declared on serializer ReviewSerializer, but has not been included in the 'fields' option.
__________________ Test06CommentAPI.test_01_comment_not_auth ___________________

self = <tests.test_06_comment.Test06CommentAPI object at 0x104677350>
client = <django.test.client.Client object at 0x105041390>
admin_client = <rest_framework.test.APIClient object at 0x105041fd0>
admin = <User: TestAdmin>

    @pytest.mark.django_db(transaction=True)
    def test_01_comment_not_auth(self, client, admin_client, admin):
>       reviews, titles, _, _ = create_reviews(admin_client, admin)

tests/test_06_comment.py:10: 
_ _ _ _ _ _ _ _ _ _ _ _ _ _ _ _ _ _ _ _ _ _ _ _ _ _ _ _ _ _ _ _ _ _ _ _ _ _ _ _ 
tests/common.py:90: in create_reviews
    result.append({'id': create_review(admin_client, titles[0]["id"], 'qwerty', 5),
tests/common.py:82: in create_review
    response = uclient.post(f'/api/v1/titles/{title_id}/reviews/', data=data)
venv/lib/python3.7/site-packages/rest_framework/test.py:296: in post
    path, data=data, format=format, content_type=content_type, **extra)
venv/lib/python3.7/site-packages/rest_framework/test.py:209: in post
    return self.generic('POST', path, data, content_type, **extra)
venv/lib/python3.7/site-packages/rest_framework/test.py:234: in generic
    method, path, data, content_type, secure, **extra)
venv/lib/python3.7/site-packages/django/test/client.py:422: in generic
    return self.request(**r)
venv/lib/python3.7/site-packages/rest_framework/test.py:285: in request
    return super().request(**kwargs)
venv/lib/python3.7/site-packages/rest_framework/test.py:237: in request
    request = super().request(**kwargs)
venv/lib/python3.7/site-packages/django/test/client.py:503: in request
    raise exc_value
venv/lib/python3.7/site-packages/django/core/handlers/exception.py:34: in inner
    response = get_response(request)
venv/lib/python3.7/site-packages/django/core/handlers/base.py:115: in _get_response
    response = self.process_exception_by_middleware(e, request)
venv/lib/python3.7/site-packages/django/core/handlers/base.py:113: in _get_response
    response = wrapped_callback(request, *callback_args, **callback_kwargs)
venv/lib/python3.7/site-packages/django/views/decorators/csrf.py:54: in wrapped_view
    return view_func(*args, **kwargs)
venv/lib/python3.7/site-packages/rest_framework/viewsets.py:125: in view
    return self.dispatch(request, *args, **kwargs)
venv/lib/python3.7/site-packages/rest_framework/views.py:509: in dispatch
    response = self.handle_exception(exc)
venv/lib/python3.7/site-packages/rest_framework/views.py:469: in handle_exception
    self.raise_uncaught_exception(exc)
venv/lib/python3.7/site-packages/rest_framework/views.py:480: in raise_uncaught_exception
    raise exc
venv/lib/python3.7/site-packages/rest_framework/views.py:506: in dispatch
    response = handler(request, *args, **kwargs)
venv/lib/python3.7/site-packages/rest_framework/mixins.py:18: in create
    serializer.is_valid(raise_exception=True)
venv/lib/python3.7/site-packages/rest_framework/serializers.py:220: in is_valid
    self._validated_data = self.run_validation(self.initial_data)
venv/lib/python3.7/site-packages/rest_framework/serializers.py:419: in run_validation
    value = self.to_internal_value(data)
venv/lib/python3.7/site-packages/rest_framework/serializers.py:472: in to_internal_value
    for field in fields:
venv/lib/python3.7/site-packages/rest_framework/serializers.py:355: in _writable_fields
    for field in self.fields.values():
venv/lib/python3.7/site-packages/django/utils/functional.py:80: in __get__
    res = instance.__dict__[self.name] = self.func(instance)
venv/lib/python3.7/site-packages/rest_framework/serializers.py:349: in fields
    for key, value in self.get_fields().items():
venv/lib/python3.7/site-packages/rest_framework/serializers.py:1029: in get_fields
    field_names = self.get_field_names(declared_fields, info)
_ _ _ _ _ _ _ _ _ _ _ _ _ _ _ _ _ _ _ _ _ _ _ _ _ _ _ _ _ _ _ _ _ _ _ _ _ _ _ _ 

self = <[AssertionError("The field 'title_id' was declared on serializer ReviewSerializer, but has not been included in the 'fields' option.") raised in repr()] ReviewSerializer object at 0x104e8a6d0>
declared_fields = OrderedDict([('author', SlugRelatedField(read_only=True, slug_field='username')), ('title_id', HiddenField(default='title_id'))])
info = FieldResult(pk=<django.db.models.fields.AutoField: id>, fields=OrderedDict([('text', <django.db.models.fields.TextFiel...related_model=<class 'reviews.models.Comment'>, to_many=True, to_field='id', has_through_model=False, reverse=True))]))

    def get_field_names(self, declared_fields, info):
        """
        Returns the list of all field names that should be created when
        instantiating this serializer class. This is based on the default
        set of fields, but also takes into account the `Meta.fields` or
        `Meta.exclude` options if they have been specified.
        """
        fields = getattr(self.Meta, 'fields', None)
        exclude = getattr(self.Meta, 'exclude', None)
    
        if fields and fields != ALL_FIELDS and not isinstance(fields, (list, tuple)):
            raise TypeError(
                'The `fields` option must be a list or tuple or "__all__". '
                'Got %s.' % type(fields).__name__
            )
    
        if exclude and not isinstance(exclude, (list, tuple)):
            raise TypeError(
                'The `exclude` option must be a list or tuple. Got %s.' %
                type(exclude).__name__
            )
    
        assert not (fields and exclude), (
            "Cannot set both 'fields' and 'exclude' options on "
            "serializer {serializer_class}.".format(
                serializer_class=self.__class__.__name__
            )
        )
    
        assert not (fields is None and exclude is None), (
            "Creating a ModelSerializer without either the 'fields' attribute "
            "or the 'exclude' attribute has been deprecated since 3.3.0, "
            "and is now disallowed. Add an explicit fields = '__all__' to the "
            "{serializer_class} serializer.".format(
                serializer_class=self.__class__.__name__
            ),
        )
    
        if fields == ALL_FIELDS:
            fields = None
    
        if fields is not None:
            # Ensure that all declared fields have also been included in the
            # `Meta.fields` option.
    
            # Do not require any fields that are declared in a parent class,
            # in order to allow serializer subclasses to only include
            # a subset of fields.
            required_field_names = set(declared_fields)
            for cls in self.__class__.__bases__:
                required_field_names -= set(getattr(cls, '_declared_fields', []))
    
            for field_name in required_field_names:
                assert field_name in fields, (
                    "The field '{field_name}' was declared on serializer "
                    "{serializer_class}, but has not been included in the "
                    "'fields' option.".format(
                        field_name=field_name,
>                       serializer_class=self.__class__.__name__
                    )
                )
E               AssertionError: The field 'title_id' was declared on serializer ReviewSerializer, but has not been included in the 'fields' option.

venv/lib/python3.7/site-packages/rest_framework/serializers.py:1130: AssertionError
------------------------------ Captured log call -------------------------------
ERROR    django.request:log.py:228 Internal Server Error: /api/v1/titles/16/reviews/
Traceback (most recent call last):
  File "/Users/Alexey/Dev/api_yamdb/venv/lib/python3.7/site-packages/django/core/handlers/exception.py", line 34, in inner
    response = get_response(request)
  File "/Users/Alexey/Dev/api_yamdb/venv/lib/python3.7/site-packages/django/core/handlers/base.py", line 115, in _get_response
    response = self.process_exception_by_middleware(e, request)
  File "/Users/Alexey/Dev/api_yamdb/venv/lib/python3.7/site-packages/django/core/handlers/base.py", line 113, in _get_response
    response = wrapped_callback(request, *callback_args, **callback_kwargs)
  File "/Users/Alexey/Dev/api_yamdb/venv/lib/python3.7/site-packages/django/views/decorators/csrf.py", line 54, in wrapped_view
    return view_func(*args, **kwargs)
  File "/Users/Alexey/Dev/api_yamdb/venv/lib/python3.7/site-packages/rest_framework/viewsets.py", line 125, in view
    return self.dispatch(request, *args, **kwargs)
  File "/Users/Alexey/Dev/api_yamdb/venv/lib/python3.7/site-packages/rest_framework/views.py", line 509, in dispatch
    response = self.handle_exception(exc)
  File "/Users/Alexey/Dev/api_yamdb/venv/lib/python3.7/site-packages/rest_framework/views.py", line 469, in handle_exception
    self.raise_uncaught_exception(exc)
  File "/Users/Alexey/Dev/api_yamdb/venv/lib/python3.7/site-packages/rest_framework/views.py", line 480, in raise_uncaught_exception
    raise exc
  File "/Users/Alexey/Dev/api_yamdb/venv/lib/python3.7/site-packages/rest_framework/views.py", line 506, in dispatch
    response = handler(request, *args, **kwargs)
  File "/Users/Alexey/Dev/api_yamdb/venv/lib/python3.7/site-packages/rest_framework/mixins.py", line 18, in create
    serializer.is_valid(raise_exception=True)
  File "/Users/Alexey/Dev/api_yamdb/venv/lib/python3.7/site-packages/rest_framework/serializers.py", line 220, in is_valid
    self._validated_data = self.run_validation(self.initial_data)
  File "/Users/Alexey/Dev/api_yamdb/venv/lib/python3.7/site-packages/rest_framework/serializers.py", line 419, in run_validation
    value = self.to_internal_value(data)
  File "/Users/Alexey/Dev/api_yamdb/venv/lib/python3.7/site-packages/rest_framework/serializers.py", line 472, in to_internal_value
    for field in fields:
  File "/Users/Alexey/Dev/api_yamdb/venv/lib/python3.7/site-packages/rest_framework/serializers.py", line 355, in _writable_fields
    for field in self.fields.values():
  File "/Users/Alexey/Dev/api_yamdb/venv/lib/python3.7/site-packages/django/utils/functional.py", line 80, in __get__
    res = instance.__dict__[self.name] = self.func(instance)
  File "/Users/Alexey/Dev/api_yamdb/venv/lib/python3.7/site-packages/rest_framework/serializers.py", line 349, in fields
    for key, value in self.get_fields().items():
  File "/Users/Alexey/Dev/api_yamdb/venv/lib/python3.7/site-packages/rest_framework/serializers.py", line 1029, in get_fields
    field_names = self.get_field_names(declared_fields, info)
  File "/Users/Alexey/Dev/api_yamdb/venv/lib/python3.7/site-packages/rest_framework/serializers.py", line 1130, in get_field_names
    serializer_class=self.__class__.__name__
AssertionError: The field 'title_id' was declared on serializer ReviewSerializer, but has not been included in the 'fields' option.
_______________________ Test06CommentAPI.test_02_comment _______________________

self = <tests.test_06_comment.Test06CommentAPI object at 0x104677610>
admin_client = <rest_framework.test.APIClient object at 0x104648810>
admin = <User: TestAdmin>

    @pytest.mark.django_db(transaction=True)
    def test_02_comment(self, admin_client, admin):
>       reviews, titles, user, moderator = create_reviews(admin_client, admin)

tests/test_06_comment.py:32: 
_ _ _ _ _ _ _ _ _ _ _ _ _ _ _ _ _ _ _ _ _ _ _ _ _ _ _ _ _ _ _ _ _ _ _ _ _ _ _ _ 
tests/common.py:90: in create_reviews
    result.append({'id': create_review(admin_client, titles[0]["id"], 'qwerty', 5),
tests/common.py:82: in create_review
    response = uclient.post(f'/api/v1/titles/{title_id}/reviews/', data=data)
venv/lib/python3.7/site-packages/rest_framework/test.py:296: in post
    path, data=data, format=format, content_type=content_type, **extra)
venv/lib/python3.7/site-packages/rest_framework/test.py:209: in post
    return self.generic('POST', path, data, content_type, **extra)
venv/lib/python3.7/site-packages/rest_framework/test.py:234: in generic
    method, path, data, content_type, secure, **extra)
venv/lib/python3.7/site-packages/django/test/client.py:422: in generic
    return self.request(**r)
venv/lib/python3.7/site-packages/rest_framework/test.py:285: in request
    return super().request(**kwargs)
venv/lib/python3.7/site-packages/rest_framework/test.py:237: in request
    request = super().request(**kwargs)
venv/lib/python3.7/site-packages/django/test/client.py:503: in request
    raise exc_value
venv/lib/python3.7/site-packages/django/core/handlers/exception.py:34: in inner
    response = get_response(request)
venv/lib/python3.7/site-packages/django/core/handlers/base.py:115: in _get_response
    response = self.process_exception_by_middleware(e, request)
venv/lib/python3.7/site-packages/django/core/handlers/base.py:113: in _get_response
    response = wrapped_callback(request, *callback_args, **callback_kwargs)
venv/lib/python3.7/site-packages/django/views/decorators/csrf.py:54: in wrapped_view
    return view_func(*args, **kwargs)
venv/lib/python3.7/site-packages/rest_framework/viewsets.py:125: in view
    return self.dispatch(request, *args, **kwargs)
venv/lib/python3.7/site-packages/rest_framework/views.py:509: in dispatch
    response = self.handle_exception(exc)
venv/lib/python3.7/site-packages/rest_framework/views.py:469: in handle_exception
    self.raise_uncaught_exception(exc)
venv/lib/python3.7/site-packages/rest_framework/views.py:480: in raise_uncaught_exception
    raise exc
venv/lib/python3.7/site-packages/rest_framework/views.py:506: in dispatch
    response = handler(request, *args, **kwargs)
venv/lib/python3.7/site-packages/rest_framework/mixins.py:18: in create
    serializer.is_valid(raise_exception=True)
venv/lib/python3.7/site-packages/rest_framework/serializers.py:220: in is_valid
    self._validated_data = self.run_validation(self.initial_data)
venv/lib/python3.7/site-packages/rest_framework/serializers.py:419: in run_validation
    value = self.to_internal_value(data)
venv/lib/python3.7/site-packages/rest_framework/serializers.py:472: in to_internal_value
    for field in fields:
venv/lib/python3.7/site-packages/rest_framework/serializers.py:355: in _writable_fields
    for field in self.fields.values():
venv/lib/python3.7/site-packages/django/utils/functional.py:80: in __get__
    res = instance.__dict__[self.name] = self.func(instance)
venv/lib/python3.7/site-packages/rest_framework/serializers.py:349: in fields
    for key, value in self.get_fields().items():
venv/lib/python3.7/site-packages/rest_framework/serializers.py:1029: in get_fields
    field_names = self.get_field_names(declared_fields, info)
_ _ _ _ _ _ _ _ _ _ _ _ _ _ _ _ _ _ _ _ _ _ _ _ _ _ _ _ _ _ _ _ _ _ _ _ _ _ _ _ 

self = <[AssertionError("The field 'title_id' was declared on serializer ReviewSerializer, but has not been included in the 'fields' option.") raised in repr()] ReviewSerializer object at 0x1046bb250>
declared_fields = OrderedDict([('author', SlugRelatedField(read_only=True, slug_field='username')), ('title_id', HiddenField(default='title_id'))])
info = FieldResult(pk=<django.db.models.fields.AutoField: id>, fields=OrderedDict([('text', <django.db.models.fields.TextFiel...related_model=<class 'reviews.models.Comment'>, to_many=True, to_field='id', has_through_model=False, reverse=True))]))

    def get_field_names(self, declared_fields, info):
        """
        Returns the list of all field names that should be created when
        instantiating this serializer class. This is based on the default
        set of fields, but also takes into account the `Meta.fields` or
        `Meta.exclude` options if they have been specified.
        """
        fields = getattr(self.Meta, 'fields', None)
        exclude = getattr(self.Meta, 'exclude', None)
    
        if fields and fields != ALL_FIELDS and not isinstance(fields, (list, tuple)):
            raise TypeError(
                'The `fields` option must be a list or tuple or "__all__". '
                'Got %s.' % type(fields).__name__
            )
    
        if exclude and not isinstance(exclude, (list, tuple)):
            raise TypeError(
                'The `exclude` option must be a list or tuple. Got %s.' %
                type(exclude).__name__
            )
    
        assert not (fields and exclude), (
            "Cannot set both 'fields' and 'exclude' options on "
            "serializer {serializer_class}.".format(
                serializer_class=self.__class__.__name__
            )
        )
    
        assert not (fields is None and exclude is None), (
            "Creating a ModelSerializer without either the 'fields' attribute "
            "or the 'exclude' attribute has been deprecated since 3.3.0, "
            "and is now disallowed. Add an explicit fields = '__all__' to the "
            "{serializer_class} serializer.".format(
                serializer_class=self.__class__.__name__
            ),
        )
    
        if fields == ALL_FIELDS:
            fields = None
    
        if fields is not None:
            # Ensure that all declared fields have also been included in the
            # `Meta.fields` option.
    
            # Do not require any fields that are declared in a parent class,
            # in order to allow serializer subclasses to only include
            # a subset of fields.
            required_field_names = set(declared_fields)
            for cls in self.__class__.__bases__:
                required_field_names -= set(getattr(cls, '_declared_fields', []))
    
            for field_name in required_field_names:
                assert field_name in fields, (
                    "The field '{field_name}' was declared on serializer "
                    "{serializer_class}, but has not been included in the "
                    "'fields' option.".format(
                        field_name=field_name,
>                       serializer_class=self.__class__.__name__
                    )
                )
E               AssertionError: The field 'title_id' was declared on serializer ReviewSerializer, but has not been included in the 'fields' option.

venv/lib/python3.7/site-packages/rest_framework/serializers.py:1130: AssertionError
------------------------------ Captured log call -------------------------------
ERROR    django.request:log.py:228 Internal Server Error: /api/v1/titles/18/reviews/
Traceback (most recent call last):
  File "/Users/Alexey/Dev/api_yamdb/venv/lib/python3.7/site-packages/django/core/handlers/exception.py", line 34, in inner
    response = get_response(request)
  File "/Users/Alexey/Dev/api_yamdb/venv/lib/python3.7/site-packages/django/core/handlers/base.py", line 115, in _get_response
    response = self.process_exception_by_middleware(e, request)
  File "/Users/Alexey/Dev/api_yamdb/venv/lib/python3.7/site-packages/django/core/handlers/base.py", line 113, in _get_response
    response = wrapped_callback(request, *callback_args, **callback_kwargs)
  File "/Users/Alexey/Dev/api_yamdb/venv/lib/python3.7/site-packages/django/views/decorators/csrf.py", line 54, in wrapped_view
    return view_func(*args, **kwargs)
  File "/Users/Alexey/Dev/api_yamdb/venv/lib/python3.7/site-packages/rest_framework/viewsets.py", line 125, in view
    return self.dispatch(request, *args, **kwargs)
  File "/Users/Alexey/Dev/api_yamdb/venv/lib/python3.7/site-packages/rest_framework/views.py", line 509, in dispatch
    response = self.handle_exception(exc)
  File "/Users/Alexey/Dev/api_yamdb/venv/lib/python3.7/site-packages/rest_framework/views.py", line 469, in handle_exception
    self.raise_uncaught_exception(exc)
  File "/Users/Alexey/Dev/api_yamdb/venv/lib/python3.7/site-packages/rest_framework/views.py", line 480, in raise_uncaught_exception
    raise exc
  File "/Users/Alexey/Dev/api_yamdb/venv/lib/python3.7/site-packages/rest_framework/views.py", line 506, in dispatch
    response = handler(request, *args, **kwargs)
  File "/Users/Alexey/Dev/api_yamdb/venv/lib/python3.7/site-packages/rest_framework/mixins.py", line 18, in create
    serializer.is_valid(raise_exception=True)
  File "/Users/Alexey/Dev/api_yamdb/venv/lib/python3.7/site-packages/rest_framework/serializers.py", line 220, in is_valid
    self._validated_data = self.run_validation(self.initial_data)
  File "/Users/Alexey/Dev/api_yamdb/venv/lib/python3.7/site-packages/rest_framework/serializers.py", line 419, in run_validation
    value = self.to_internal_value(data)
  File "/Users/Alexey/Dev/api_yamdb/venv/lib/python3.7/site-packages/rest_framework/serializers.py", line 472, in to_internal_value
    for field in fields:
  File "/Users/Alexey/Dev/api_yamdb/venv/lib/python3.7/site-packages/rest_framework/serializers.py", line 355, in _writable_fields
    for field in self.fields.values():
  File "/Users/Alexey/Dev/api_yamdb/venv/lib/python3.7/site-packages/django/utils/functional.py", line 80, in __get__
    res = instance.__dict__[self.name] = self.func(instance)
  File "/Users/Alexey/Dev/api_yamdb/venv/lib/python3.7/site-packages/rest_framework/serializers.py", line 349, in fields
    for key, value in self.get_fields().items():
  File "/Users/Alexey/Dev/api_yamdb/venv/lib/python3.7/site-packages/rest_framework/serializers.py", line 1029, in get_fields
    field_names = self.get_field_names(declared_fields, info)
  File "/Users/Alexey/Dev/api_yamdb/venv/lib/python3.7/site-packages/rest_framework/serializers.py", line 1130, in get_field_names
    serializer_class=self.__class__.__name__
AssertionError: The field 'title_id' was declared on serializer ReviewSerializer, but has not been included in the 'fields' option.
____________________ Test06CommentAPI.test_03_review_detail ____________________

self = <tests.test_06_comment.Test06CommentAPI object at 0x104f27b90>
client = <django.test.client.Client object at 0x1053bb1d0>
admin_client = <rest_framework.test.APIClient object at 0x1053bb850>
admin = <User: TestAdmin>

    @pytest.mark.django_db(transaction=True)
    def test_03_review_detail(self, client, admin_client, admin):
>       comments, reviews, titles, user, moderator = create_comments(admin_client, admin)

tests/test_06_comment.py:132: 
_ _ _ _ _ _ _ _ _ _ _ _ _ _ _ _ _ _ _ _ _ _ _ _ _ _ _ _ _ _ _ _ _ _ _ _ _ _ _ _ 
tests/common.py:105: in create_comments
    reviews, titles, user, moderator = create_reviews(admin_client, admin)
tests/common.py:90: in create_reviews
    result.append({'id': create_review(admin_client, titles[0]["id"], 'qwerty', 5),
tests/common.py:82: in create_review
    response = uclient.post(f'/api/v1/titles/{title_id}/reviews/', data=data)
venv/lib/python3.7/site-packages/rest_framework/test.py:296: in post
    path, data=data, format=format, content_type=content_type, **extra)
venv/lib/python3.7/site-packages/rest_framework/test.py:209: in post
    return self.generic('POST', path, data, content_type, **extra)
venv/lib/python3.7/site-packages/rest_framework/test.py:234: in generic
    method, path, data, content_type, secure, **extra)
venv/lib/python3.7/site-packages/django/test/client.py:422: in generic
    return self.request(**r)
venv/lib/python3.7/site-packages/rest_framework/test.py:285: in request
    return super().request(**kwargs)
venv/lib/python3.7/site-packages/rest_framework/test.py:237: in request
    request = super().request(**kwargs)
venv/lib/python3.7/site-packages/django/test/client.py:503: in request
    raise exc_value
venv/lib/python3.7/site-packages/django/core/handlers/exception.py:34: in inner
    response = get_response(request)
venv/lib/python3.7/site-packages/django/core/handlers/base.py:115: in _get_response
    response = self.process_exception_by_middleware(e, request)
venv/lib/python3.7/site-packages/django/core/handlers/base.py:113: in _get_response
    response = wrapped_callback(request, *callback_args, **callback_kwargs)
venv/lib/python3.7/site-packages/django/views/decorators/csrf.py:54: in wrapped_view
    return view_func(*args, **kwargs)
venv/lib/python3.7/site-packages/rest_framework/viewsets.py:125: in view
    return self.dispatch(request, *args, **kwargs)
venv/lib/python3.7/site-packages/rest_framework/views.py:509: in dispatch
    response = self.handle_exception(exc)
venv/lib/python3.7/site-packages/rest_framework/views.py:469: in handle_exception
    self.raise_uncaught_exception(exc)
venv/lib/python3.7/site-packages/rest_framework/views.py:480: in raise_uncaught_exception
    raise exc
venv/lib/python3.7/site-packages/rest_framework/views.py:506: in dispatch
    response = handler(request, *args, **kwargs)
venv/lib/python3.7/site-packages/rest_framework/mixins.py:18: in create
    serializer.is_valid(raise_exception=True)
venv/lib/python3.7/site-packages/rest_framework/serializers.py:220: in is_valid
    self._validated_data = self.run_validation(self.initial_data)
venv/lib/python3.7/site-packages/rest_framework/serializers.py:419: in run_validation
    value = self.to_internal_value(data)
venv/lib/python3.7/site-packages/rest_framework/serializers.py:472: in to_internal_value
    for field in fields:
[...]
        `Meta.exclude` options if they have been specified.
        """
        fields = getattr(self.Meta, 'fields', None)
        exclude = getattr(self.Meta, 'exclude', None)
    
        if fields and fields != ALL_FIELDS and not isinstance(fields, (list, tuple)):
            raise TypeError(
                'The `fields` option must be a list or tuple or "__all__". '
                'Got %s.' % type(fields).__name__
            )
    
        if exclude and not isinstance(exclude, (list, tuple)):
            raise TypeError(
                'The `exclude` option must be a list or tuple. Got %s.' %
                type(exclude).__name__
            )
    
        assert not (fields and exclude), (
            "Cannot set both 'fields' and 'exclude' options on "
            "serializer {serializer_class}.".format(
                serializer_class=self.__class__.__name__
            )
        )
    
        assert not (fields is None and exclude is None), (
            "Creating a ModelSerializer without either the 'fields' attribute "
            "or the 'exclude' attribute has been deprecated since 3.3.0, "
            "and is now disallowed. Add an explicit fields = '__all__' to the "
            "{serializer_class} serializer.".format(
                serializer_class=self.__class__.__name__
            ),
        )
    
        if fields == ALL_FIELDS:
            fields = None
    
        if fields is not None:
            # Ensure that all declared fields have also been included in the
            # `Meta.fields` option.
    
            # Do not require any fields that are declared in a parent class,
            # in order to allow serializer subclasses to only include
            # a subset of fields.
            required_field_names = set(declared_fields)
            for cls in self.__class__.__bases__:
                required_field_names -= set(getattr(cls, '_declared_fields', []))
    
            for field_name in required_field_names:
                assert field_name in fields, (
                    "The field '{field_name}' was declared on serializer "
                    "{serializer_class}, but has not been included in the "
                    "'fields' option.".format(
                        field_name=field_name,
>                       serializer_class=self.__class__.__name__
                    )
                )
E               AssertionError: The field 'title_id' was declared on serializer ReviewSerializer, but has not been included in the 'fields' option.

venv/lib/python3.7/site-packages/rest_framework/serializers.py:1130: AssertionError
------------------------------ Captured log call -------------------------------
ERROR    django.request:log.py:228 Internal Server Error: /api/v1/titles/20/reviews/
Traceback (most recent call last):
  File "/Users/Alexey/Dev/api_yamdb/venv/lib/python3.7/site-packages/django/core/handlers/exception.py", line 34, in inner
    response = get_response(request)
  File "/Users/Alexey/Dev/api_yamdb/venv/lib/python3.7/site-packages/django/core/handlers/base.py", line 115, in _get_response
    response = self.process_exception_by_middleware(e, request)
  File "/Users/Alexey/Dev/api_yamdb/venv/lib/python3.7/site-packages/django/core/handlers/base.py", line 113, in _get_response
    response = wrapped_callback(request, *callback_args, **callback_kwargs)
  File "/Users/Alexey/Dev/api_yamdb/venv/lib/python3.7/site-packages/django/views/decorators/csrf.py", line 54, in wrapped_view
    return view_func(*args, **kwargs)
  File "/Users/Alexey/Dev/api_yamdb/venv/lib/python3.7/site-packages/rest_framework/viewsets.py", line 125, in view
    return self.dispatch(request, *args, **kwargs)
  File "/Users/Alexey/Dev/api_yamdb/venv/lib/python3.7/site-packages/rest_framework/views.py", line 509, in dispatch
    response = self.handle_exception(exc)
  File "/Users/Alexey/Dev/api_yamdb/venv/lib/python3.7/site-packages/rest_framework/views.py", line 469, in handle_exception
    self.raise_uncaught_exception(exc)
  File "/Users/Alexey/Dev/api_yamdb/venv/lib/python3.7/site-packages/rest_framework/views.py", line 480, in raise_uncaught_exception
    raise exc
  File "/Users/Alexey/Dev/api_yamdb/venv/lib/python3.7/site-packages/rest_framework/views.py", line 506, in dispatch
    response = handler(request, *args, **kwargs)
  File "/Users/Alexey/Dev/api_yamdb/venv/lib/python3.7/site-packages/rest_framework/mixins.py", line 18, in create
    serializer.is_valid(raise_exception=True)
  File "/Users/Alexey/Dev/api_yamdb/venv/lib/python3.7/site-packages/rest_framework/serializers.py", line 220, in is_valid
    self._validated_data = self.run_validation(self.initial_data)
  File "/Users/Alexey/Dev/api_yamdb/venv/lib/python3.7/site-packages/rest_framework/serializers.py", line 419, in run_validation
    value = self.to_internal_value(data)
  File "/Users/Alexey/Dev/api_yamdb/venv/lib/python3.7/site-packages/rest_framework/serializers.py", line 472, in to_internal_value
    for field in fields:
  File "/Users/Alexey/Dev/api_yamdb/venv/lib/python3.7/site-packages/rest_framework/serializers.py", line 355, in _writable_fields
    for field in self.fields.values():
  File "/Users/Alexey/Dev/api_yamdb/venv/lib/python3.7/site-packages/django/utils/functional.py", line 80, in __get__
    res = instance.__dict__[self.name] = self.func(instance)
  File "/Users/Alexey/Dev/api_yamdb/venv/lib/python3.7/site-packages/rest_framework/serializers.py", line 349, in fields
    for key, value in self.get_fields().items():
  File "/Users/Alexey/Dev/api_yamdb/venv/lib/python3.7/site-packages/rest_framework/serializers.py", line 1029, in get_fields
    field_names = self.get_field_names(declared_fields, info)
  File "/Users/Alexey/Dev/api_yamdb/venv/lib/python3.7/site-packages/rest_framework/serializers.py", line 1130, in get_field_names
    serializer_class=self.__class__.__name__
AssertionError: The field 'title_id' was declared on serializer ReviewSerializer, but has not been included in the 'fields' option.
______________ Test06CommentAPI.test_04_comment_check_permission _______________

self = <tests.test_06_comment.Test06CommentAPI object at 0x1050d2e10>
client = <django.test.client.Client object at 0x10474c490>
admin_client = <rest_framework.test.APIClient object at 0x10474c210>
admin = <User: TestAdmin>

    @pytest.mark.django_db(transaction=True)
    def test_04_comment_check_permission(self, client, admin_client, admin):
>       comments, reviews, titles, user, moderator = create_comments(admin_client, admin)

tests/test_06_comment.py:228: 
_ _ _ _ _ _ _ _ _ _ _ _ _ _ _ _ _ _ _ _ _ _ _ _ _ _ _ _ _ _ _ _ _ _ _ _ _ _ _ _ 
tests/common.py:105: in create_comments
    reviews, titles, user, moderator = create_reviews(admin_client, admin)
tests/common.py:90: in create_reviews
    result.append({'id': create_review(admin_client, titles[0]["id"], 'qwerty', 5),
tests/common.py:82: in create_review
    response = uclient.post(f'/api/v1/titles/{title_id}/reviews/', data=data)
venv/lib/python3.7/site-packages/rest_framework/test.py:296: in post
    path, data=data, format=format, content_type=content_type, **extra)
venv/lib/python3.7/site-packages/rest_framework/test.py:209: in post
    return self.generic('POST', path, data, content_type, **extra)
venv/lib/python3.7/site-packages/rest_framework/test.py:234: in generic
    method, path, data, content_type, secure, **extra)
venv/lib/python3.7/site-packages/django/test/client.py:422: in generic
    return self.request(**r)
venv/lib/python3.7/site-packages/rest_framework/test.py:285: in request
    return super().request(**kwargs)
venv/lib/python3.7/site-packages/rest_framework/test.py:237: in request
    request = super().request(**kwargs)
venv/lib/python3.7/site-packages/django/test/client.py:503: in request
    raise exc_value
venv/lib/python3.7/site-packages/django/core/handlers/exception.py:34: in inner
    response = get_response(request)
venv/lib/python3.7/site-packages/django/core/handlers/base.py:115: in _get_response
    response = self.process_exception_by_middleware(e, request)
venv/lib/python3.7/site-packages/django/core/handlers/base.py:113: in _get_response
    response = wrapped_callback(request, *callback_args, **callback_kwargs)
venv/lib/python3.7/site-packages/django/views/decorators/csrf.py:54: in wrapped_view
    return view_func(*args, **kwargs)
venv/lib/python3.7/site-packages/rest_framework/viewsets.py:125: in view
    return self.dispatch(request, *args, **kwargs)
venv/lib/python3.7/site-packages/rest_framework/views.py:509: in dispatch
    response = self.handle_exception(exc)
venv/lib/python3.7/site-packages/rest_framework/views.py:469: in handle_exception
    self.raise_uncaught_exception(exc)
venv/lib/python3.7/site-packages/rest_framework/views.py:480: in raise_uncaught_exception
    raise exc
venv/lib/python3.7/site-packages/rest_framework/views.py:506: in dispatch
    response = handler(request, *args, **kwargs)
venv/lib/python3.7/site-packages/rest_framework/mixins.py:18: in create
    serializer.is_valid(raise_exception=True)
venv/lib/python3.7/site-packages/rest_framework/serializers.py:220: in is_valid
    self._validated_data = self.run_validation(self.initial_data)
venv/lib/python3.7/site-packages/rest_framework/serializers.py:419: in run_validation
    value = self.to_internal_value(data)
venv/lib/python3.7/site-packages/rest_framework/serializers.py:472: in to_internal_value
    for field in fields:
venv/lib/python3.7/site-packages/rest_framework/serializers.py:355: in _writable_fields
    for field in self.fields.values():
venv/lib/python3.7/site-packages/django/utils/functional.py:80: in __get__
    res = instance.__dict__[self.name] = self.func(instance)
venv/lib/python3.7/site-packages/rest_framework/serializers.py:349: in fields
    for key, value in self.get_fields().items():
venv/lib/python3.7/site-packages/rest_framework/serializers.py:1029: in get_fields
    field_names = self.get_field_names(declared_fields, info)
_ _ _ _ _ _ _ _ _ _ _ _ _ _ _ _ _ _ _ _ _ _ _ _ _ _ _ _ _ _ _ _ _ _ _ _ _ _ _ _ 

self = <[AssertionError("The field 'title_id' was declared on serializer ReviewSerializer, but has not been included in the 'fields' option.") raised in repr()] ReviewSerializer object at 0x1048fcf90>
declared_fields = OrderedDict([('author', SlugRelatedField(read_only=True, slug_field='username')), ('title_id', HiddenField(default='title_id'))])
info = FieldResult(pk=<django.db.models.fields.AutoField: id>, fields=OrderedDict([('text', <django.db.models.fields.TextFiel...related_model=<class 'reviews.models.Comment'>, to_many=True, to_field='id', has_through_model=False, reverse=True))]))

    def get_field_names(self, declared_fields, info):
        """
        Returns the list of all field names that should be created when
        instantiating this serializer class. This is based on the default
        set of fields, but also takes into account the `Meta.fields` or
        `Meta.exclude` options if they have been specified.
        """
        fields = getattr(self.Meta, 'fields', None)
        exclude = getattr(self.Meta, 'exclude', None)
    
        if fields and fields != ALL_FIELDS and not isinstance(fields, (list, tuple)):
            raise TypeError(
                'The `fields` option must be a list or tuple or "__all__". '
                'Got %s.' % type(fields).__name__
            )
    
        if exclude and not isinstance(exclude, (list, tuple)):
            raise TypeError(
                'The `exclude` option must be a list or tuple. Got %s.' %
                type(exclude).__name__
            )
    
        assert not (fields and exclude), (
            "Cannot set both 'fields' and 'exclude' options on "
            "serializer {serializer_class}.".format(
                serializer_class=self.__class__.__name__
            )
        )
    
        assert not (fields is None and exclude is None), (
            "Creating a ModelSerializer without either the 'fields' attribute "
            "or the 'exclude' attribute has been deprecated since 3.3.0, "
            "and is now disallowed. Add an explicit fields = '__all__' to the "
            "{serializer_class} serializer.".format(
                serializer_class=self.__class__.__name__
            ),
        )
    
        if fields == ALL_FIELDS:
            fields = None
    
        if fields is not None:
            # Ensure that all declared fields have also been included in the
            # `Meta.fields` option.
    
            # Do not require any fields that are declared in a parent class,
            # in order to allow serializer subclasses to only include
            # a subset of fields.
            required_field_names = set(declared_fields)
            for cls in self.__class__.__bases__:
                required_field_names -= set(getattr(cls, '_declared_fields', []))
    
            for field_name in required_field_names:
                assert field_name in fields, (
                    "The field '{field_name}' was declared on serializer "
                    "{serializer_class}, but has not been included in the "
                    "'fields' option.".format(
                        field_name=field_name,
>                       serializer_class=self.__class__.__name__
                    )
                )
E               AssertionError: The field 'title_id' was declared on serializer ReviewSerializer, but has not been included in the 'fields' option.

venv/lib/python3.7/site-packages/rest_framework/serializers.py:1130: AssertionError
------------------------------ Captured log call -------------------------------
ERROR    django.request:log.py:228 Internal Server Error: /api/v1/titles/22/reviews/
Traceback (most recent call last):
  File "/Users/Alexey/Dev/api_yamdb/venv/lib/python3.7/site-packages/django/core/handlers/exception.py", line 34, in inner
    response = get_response(request)
  File "/Users/Alexey/Dev/api_yamdb/venv/lib/python3.7/site-packages/django/core/handlers/base.py", line 115, in _get_response
    response = self.process_exception_by_middleware(e, request)
  File "/Users/Alexey/Dev/api_yamdb/venv/lib/python3.7/site-packages/django/core/handlers/base.py", line 113, in _get_response
    response = wrapped_callback(request, *callback_args, **callback_kwargs)
  File "/Users/Alexey/Dev/api_yamdb/venv/lib/python3.7/site-packages/django/views/decorators/csrf.py", line 54, in wrapped_view
    return view_func(*args, **kwargs)
  File "/Users/Alexey/Dev/api_yamdb/venv/lib/python3.7/site-packages/rest_framework/viewsets.py", line 125, in view
    return self.dispatch(request, *args, **kwargs)
  File "/Users/Alexey/Dev/api_yamdb/venv/lib/python3.7/site-packages/rest_framework/views.py", line 509, in dispatch
    response = self.handle_exception(exc)
  File "/Users/Alexey/Dev/api_yamdb/venv/lib/python3.7/site-packages/rest_framework/views.py", line 469, in handle_exception
    self.raise_uncaught_exception(exc)
  File "/Users/Alexey/Dev/api_yamdb/venv/lib/python3.7/site-packages/rest_framework/views.py", line 480, in raise_uncaught_exception
    raise exc
  File "/Users/Alexey/Dev/api_yamdb/venv/lib/python3.7/site-packages/rest_framework/views.py", line 506, in dispatch
    response = handler(request, *args, **kwargs)
  File "/Users/Alexey/Dev/api_yamdb/venv/lib/python3.7/site-packages/rest_framework/mixins.py", line 18, in create
    serializer.is_valid(raise_exception=True)
  File "/Users/Alexey/Dev/api_yamdb/venv/lib/python3.7/site-packages/rest_framework/serializers.py", line 220, in is_valid
    self._validated_data = self.run_validation(self.initial_data)
  File "/Users/Alexey/Dev/api_yamdb/venv/lib/python3.7/site-packages/rest_framework/serializers.py", line 419, in run_validation
    value = self.to_internal_value(data)
  File "/Users/Alexey/Dev/api_yamdb/venv/lib/python3.7/site-packages/rest_framework/serializers.py", line 472, in to_internal_value
    for field in fields:
  File "/Users/Alexey/Dev/api_yamdb/venv/lib/python3.7/site-packages/rest_framework/serializers.py", line 355, in _writable_fields
    for field in self.fields.values():
  File "/Users/Alexey/Dev/api_yamdb/venv/lib/python3.7/site-packages/django/utils/functional.py", line 80, in __get__
    res = instance.__dict__[self.name] = self.func(instance)
  File "/Users/Alexey/Dev/api_yamdb/venv/lib/python3.7/site-packages/rest_framework/serializers.py", line 349, in fields
    for key, value in self.get_fields().items():
  File "/Users/Alexey/Dev/api_yamdb/venv/lib/python3.7/site-packages/rest_framework/serializers.py", line 1029, in get_fields
    field_names = self.get_field_names(declared_fields, info)
  File "/Users/Alexey/Dev/api_yamdb/venv/lib/python3.7/site-packages/rest_framework/serializers.py", line 1130, in get_field_names
    serializer_class=self.__class__.__name__
AssertionError: The field 'title_id' was declared on serializer ReviewSerializer, but has not been included in the 'fields' option.
--------------------------- Captured stderr teardown ---------------------------
Destroying test database for alias 'default' ('file:memorydb_default?mode=memory&cache=shared')...
=============================== warnings summary ===============================
tests/test_01_users.py::Test01UserAPI::test_04_users_get_admin
tests/test_01_users.py::Test01UserAPI::test_04_02_users_get_search
tests/test_01_users.py::Test01UserAPI::test_05_01_users_post_admin
  /Users/Alexey/Dev/api_yamdb/venv/lib/python3.7/site-packages/rest_framework/pagination.py:200: UnorderedObjectListWarning: Pagination may yield inconsistent results with an unordered object_list: <class 'users.models.User'> QuerySet.
    paginator = self.django_paginator_class(queryset, page_size)

tests/test_02_category.py::Test02CategoryAPI::test_01_category_not_auth
tests/test_02_category.py::Test02CategoryAPI::test_02_category_admin
tests/test_02_category.py::Test02CategoryAPI::test_03_category_delete_admin
  /Users/Alexey/Dev/api_yamdb/venv/lib/python3.7/site-packages/rest_framework/pagination.py:200: UnorderedObjectListWarning: Pagination may yield inconsistent results with an unordered object_list: <class 'reviews.models.Category'> QuerySet.
    paginator = self.django_paginator_class(queryset, page_size)

tests/test_03_genre.py::Test03GenreAPI::test_01_genre_not_auth
tests/test_03_genre.py::Test03GenreAPI::test_02_genre
tests/test_03_genre.py::Test03GenreAPI::test_03_genres_delete
  /Users/Alexey/Dev/api_yamdb/venv/lib/python3.7/site-packages/rest_framework/pagination.py:200: UnorderedObjectListWarning: Pagination may yield inconsistent results with an unordered object_list: <class 'reviews.models.Genre'> QuerySet.
    paginator = self.django_paginator_class(queryset, page_size)

-- Docs: https://docs.pytest.org/en/stable/warnings.html
=========================== short test summary info ============================
FAILED tests/test_02_category.py::Test02CategoryAPI::test_02_category_admin
FAILED tests/test_02_category.py::Test02CategoryAPI::test_03_category_delete_admin
FAILED tests/test_03_genre.py::Test03GenreAPI::test_02_genre - AssertionError...
FAILED tests/test_03_genre.py::Test03GenreAPI::test_03_genres_delete - Assert...
FAILED tests/test_04_title.py::Test04TitleAPI::test_02_title_admin - Assertio...
FAILED tests/test_05_review.py::Test05ReviewAPI::test_02_review_admin - Asser...
FAILED tests/test_05_review.py::Test05ReviewAPI::test_03_review_detail - Asse...
FAILED tests/test_05_review.py::Test05ReviewAPI::test_04_reviews_check_permission
FAILED tests/test_06_comment.py::Test06CommentAPI::test_01_comment_not_auth
FAILED tests/test_06_comment.py::Test06CommentAPI::test_02_comment - Assertio...
FAILED tests/test_06_comment.py::Test06CommentAPI::test_03_review_detail - As...
FAILED tests/test_06_comment.py::Test06CommentAPI::test_04_comment_check_permission
================== 12 failed, 41 passed, 9 warnings in 14.35s ==================
